Performing C SOURCE FILE Test CMAKE_HAVE_LIBC_PTHREAD failed with the following output:
Change Dir: /home/duce/Code/TP1-Aeds2/TP01_AEDS2/cmake-build-debug/CMakeFiles/CMakeTmp

Run Build Command(s):/usr/bin/make -f Makefile cmTC_669b9/fast && /usr/bin/make  -f CMakeFiles/cmTC_669b9.dir/build.make CMakeFiles/cmTC_669b9.dir/build
make[1]: Entering directory '/home/duce/Code/TP1-Aeds2/TP01_AEDS2/cmake-build-debug/CMakeFiles/CMakeTmp'
Building C object CMakeFiles/cmTC_669b9.dir/src.c.o
/usr/bin/cc -DCMAKE_HAVE_LIBC_PTHREAD  -std=gnu99 -o CMakeFiles/cmTC_669b9.dir/src.c.o -c /home/duce/Code/TP1-Aeds2/TP01_AEDS2/cmake-build-debug/CMakeFiles/CMakeTmp/src.c
Linking C executable cmTC_669b9
/home/duce/.local/share/JetBrains/Toolbox/apps/CLion/ch-0/212.5080.54/bin/cmake/linux/bin/cmake -E cmake_link_script CMakeFiles/cmTC_669b9.dir/link.txt --verbose=1
/usr/bin/cc CMakeFiles/cmTC_669b9.dir/src.c.o -o cmTC_669b9 
CMakeFiles/cmTC_669b9.dir/src.c.o: Na função "main":
src.c:(.text+0x3e): referência não definida para "pthread_create"
src.c:(.text+0x4a): referência não definida para "pthread_detach"
src.c:(.text+0x56): referência não definida para "pthread_cancel"
src.c:(.text+0x67): referência não definida para "pthread_join"
src.c:(.text+0x7b): referência não definida para "pthread_atfork"
collect2: error: ld returned 1 exit status
CMakeFiles/cmTC_669b9.dir/build.make:98: recipe for target 'cmTC_669b9' failed
make[1]: *** [cmTC_669b9] Error 1
make[1]: Leaving directory '/home/duce/Code/TP1-Aeds2/TP01_AEDS2/cmake-build-debug/CMakeFiles/CMakeTmp'
Makefile:127: recipe for target 'cmTC_669b9/fast' failed
make: *** [cmTC_669b9/fast] Error 2


Source file was:
#include <pthread.h>

static void* test_func(void* data)
{
  return data;
}

int main(void)
{
  pthread_t thread;
  pthread_create(&thread, NULL, test_func, NULL);
  pthread_detach(thread);
  pthread_cancel(thread);
  pthread_join(thread, NULL);
  pthread_atfork(NULL, NULL, NULL);
  pthread_exit(NULL);

  return 0;
}

Determining if the function pthread_create exists in the pthreads failed with the following output:
Change Dir: /home/duce/Code/TP1-Aeds2/TP01_AEDS2/cmake-build-debug/CMakeFiles/CMakeTmp

Run Build Command(s):/usr/bin/make -f Makefile cmTC_aedae/fast && /usr/bin/make  -f CMakeFiles/cmTC_aedae.dir/build.make CMakeFiles/cmTC_aedae.dir/build
make[1]: Entering directory '/home/duce/Code/TP1-Aeds2/TP01_AEDS2/cmake-build-debug/CMakeFiles/CMakeTmp'
Building C object CMakeFiles/cmTC_aedae.dir/CheckFunctionExists.c.o
/usr/bin/cc   -DCHECK_FUNCTION_EXISTS=pthread_create -std=gnu99 -o CMakeFiles/cmTC_aedae.dir/CheckFunctionExists.c.o -c /home/duce/.local/share/JetBrains/Toolbox/apps/CLion/ch-0/212.5080.54/bin/cmake/linux/share/cmake-3.20/Modules/CheckFunctionExists.c
Linking C executable cmTC_aedae
/home/duce/.local/share/JetBrains/Toolbox/apps/CLion/ch-0/212.5080.54/bin/cmake/linux/bin/cmake -E cmake_link_script CMakeFiles/cmTC_aedae.dir/link.txt --verbose=1
/usr/bin/cc  -DCHECK_FUNCTION_EXISTS=pthread_create CMakeFiles/cmTC_aedae.dir/CheckFunctionExists.c.o -o cmTC_aedae  -lpthreads 
/usr/bin/ld: não foi possível localizar -lpthreads
collect2: error: ld returned 1 exit status
CMakeFiles/cmTC_aedae.dir/build.make:98: recipe for target 'cmTC_aedae' failed
make[1]: *** [cmTC_aedae] Error 1
make[1]: Leaving directory '/home/duce/Code/TP1-Aeds2/TP01_AEDS2/cmake-build-debug/CMakeFiles/CMakeTmp'
Makefile:127: recipe for target 'cmTC_aedae/fast' failed
make: *** [cmTC_aedae/fast] Error 2



